<?xml version="1.0" encoding="UTF-8"?>
<!-- Generated by org.testng.reporters.JUnitReportReporter -->
<testsuite name="packg.Loginreg" tests="1" time="14.147" ignored="0" failures="0" timestamp="04 Jan 2020 12:13:04 GMT" skipped="0" hostname="QAPLANET1-PC" errors="0">
  <testcase name="login" time="14.147" classname="packg.Loginreg"/>
</testsuite> <!-- packg.Loginreg -->
